Determining if the function dwarf_producer_init_c exists failed with the following output:
Change Dir: /home/woo/bustub/build_rel/CMakeFiles/CMakeTmp

Run Build Command(s):/usr/bin/gmake -f Makefile cmTC_7faa2/fast && /usr/bin/gmake  -f CMakeFiles/cmTC_7faa2.dir/build.make CMakeFiles/cmTC_7faa2.dir/build
gmake[1]: 进入目录“/home/woo/bustub/build_rel/CMakeFiles/CMakeTmp”
Building C object CMakeFiles/cmTC_7faa2.dir/CheckFunctionExists.c.o
/usr/bin/clang  -I/usr/include/libdwarf -DCHECK_FUNCTION_EXISTS=dwarf_producer_init_c -fPIE -MD -MT CMakeFiles/cmTC_7faa2.dir/CheckFunctionExists.c.o -MF CMakeFiles/cmTC_7faa2.dir/CheckFunctionExists.c.o.d -o CMakeFiles/cmTC_7faa2.dir/CheckFunctionExists.c.o -c /usr/share/cmake-3.22/Modules/CheckFunctionExists.c
Linking C executable cmTC_7faa2
/usr/bin/cmake -E cmake_link_script CMakeFiles/cmTC_7faa2.dir/link.txt --verbose=1
/usr/bin/clang  -DCHECK_FUNCTION_EXISTS=dwarf_producer_init_c CMakeFiles/cmTC_7faa2.dir/CheckFunctionExists.c.o -o cmTC_7faa2  /usr/lib/x86_64-linux-gnu/libdwarf.so /usr/lib/x86_64-linux-gnu/libelf.so 
/usr/bin/ld: CMakeFiles/cmTC_7faa2.dir/CheckFunctionExists.c.o: in function `main':
CheckFunctionExists.c:(.text+0x17): undefined reference to `dwarf_producer_init_c'
clang: error: linker command failed with exit code 1 (use -v to see invocation)
gmake[1]: *** [CMakeFiles/cmTC_7faa2.dir/build.make:102：cmTC_7faa2] 错误 1
gmake[1]: 离开目录“/home/woo/bustub/build_rel/CMakeFiles/CMakeTmp”
gmake: *** [Makefile:127：cmTC_7faa2/fast] 错误 2



Determining if the function dwarf_producer_init_c exists failed with the following output:
Change Dir: /home/woo/bustub/build_rel/CMakeFiles/CMakeTmp

Run Build Command(s):/usr/bin/gmake -f Makefile cmTC_ddd35/fast && /usr/bin/gmake  -f CMakeFiles/cmTC_ddd35.dir/build.make CMakeFiles/cmTC_ddd35.dir/build
gmake[1]: 进入目录“/home/woo/bustub/build_rel/CMakeFiles/CMakeTmp”
Building C object CMakeFiles/cmTC_ddd35.dir/CheckFunctionExists.c.o
/usr/bin/clang  -I/usr/include/libdwarf -DCHECK_FUNCTION_EXISTS=dwarf_producer_init_c -fPIE -MD -MT CMakeFiles/cmTC_ddd35.dir/CheckFunctionExists.c.o -MF CMakeFiles/cmTC_ddd35.dir/CheckFunctionExists.c.o.d -o CMakeFiles/cmTC_ddd35.dir/CheckFunctionExists.c.o -c /usr/share/cmake-3.22/Modules/CheckFunctionExists.c
Linking C executable cmTC_ddd35
/usr/bin/cmake -E cmake_link_script CMakeFiles/cmTC_ddd35.dir/link.txt --verbose=1
/usr/bin/clang  -DCHECK_FUNCTION_EXISTS=dwarf_producer_init_c CMakeFiles/cmTC_ddd35.dir/CheckFunctionExists.c.o -o cmTC_ddd35  /usr/lib/x86_64-linux-gnu/libdwarf.so /usr/lib/x86_64-linux-gnu/libelf.so 
/usr/bin/ld: CMakeFiles/cmTC_ddd35.dir/CheckFunctionExists.c.o: in function `main':
CheckFunctionExists.c:(.text+0x17): undefined reference to `dwarf_producer_init_c'
clang: error: linker command failed with exit code 1 (use -v to see invocation)
gmake[1]: *** [CMakeFiles/cmTC_ddd35.dir/build.make:102：cmTC_ddd35] 错误 1
gmake[1]: 离开目录“/home/woo/bustub/build_rel/CMakeFiles/CMakeTmp”
gmake: *** [Makefile:127：cmTC_ddd35/fast] 错误 2



